c:\users\pedro\source\repos\grevealfaces\x64\debug\vc143.pdb
c:\users\pedro\source\repos\grevealfaces\x64\debug\vc143.idb
c:\users\pedro\source\repos\grevealfaces\x64\debug\01_hello_sdl.obj
c:\users\pedro\source\repos\grevealfaces\x64\debug\main.obj
c:\users\pedro\source\repos\grevealfaces\x64\debug\game.obj
c:\users\pedro\source\repos\grevealfaces\x64\debug\texturemanager.obj
c:\users\pedro\source\repos\grevealfaces\x64\debug\gameobject.obj
c:\users\pedro\source\repos\grevealfaces\x64\debug\grevealfaces.exe
c:\users\pedro\source\repos\grevealfaces\x64\debug\grevealfaces.ilk
c:\users\pedro\source\repos\grevealfaces\x64\debug\grevealfaces.pdb
c:\projects\enginus\x64\debug\01_hello_sdl.obj
c:\projects\enginus\x64\debug\game.obj
c:\projects\enginus\x64\debug\gamefunctions.obj
c:\projects\enginus\x64\debug\gameobject.obj
c:\projects\enginus\x64\debug\main.obj
c:\projects\enginus\x64\debug\sdl_comboios.obj
c:\projects\enginus\x64\debug\texturemanager.obj
c:\projects\enginus\x64\debug\trains.obj
c:\projects\enginus\x64\debug\main.obj.enc
c:\projects\enginus\x64\debug\grevealfaces.ilk
c:\projects\enginus\x64\debug\vc143.idb
c:\projects\enginus\x64\debug\grevealfaces.pdb
c:\projects\enginus\x64\debug\vc143.pdb
c:\projects\enginus\x64\debug\grevealfaces.exe
c:\projects\enginus\x64\debug\grevealfaces.tlog\cl.command.1.tlog
c:\projects\enginus\x64\debug\grevealfaces.tlog\cl.read.1.tlog
c:\projects\enginus\x64\debug\grevealfaces.tlog\cl.write.1.tlog
c:\projects\enginus\x64\debug\grevealfaces.tlog\link.command.1.tlog
c:\projects\enginus\x64\debug\grevealfaces.tlog\link.read.1.tlog
c:\projects\enginus\x64\debug\grevealfaces.tlog\link.write.1.tlog
